14:05:09 **** Incremental Build of configuration Debug for project Blinking_Led ****
make all 
Building file: ../main.c
Invoking: AVR Compiler
avr-gcc -Wall -g2 -gstabs -O0 -fpack-struct -fshort-enums -ffunction-sections -fdata-sections -std=gnu99 -funsigned-char -funsigned-bitfields -mmcu=atmega16 -DF_CPU=1000000UL -MMD -MP -MF"main.d" -MT"main.o" -c -o "main.o" "../main.c"
Finished building: ../main.c
 
Building target: Blinking_Led.elf
Invoking: AVR C Linker
avr-gcc -Wl,-Map,Blinking_Led.map -mmcu=atmega16 -o "Blinking_Led.elf"  ./main.o   
Finished building target: Blinking_Led.elf
 
Invoking: AVR Create Extended Listing
avr-objdump -h -S Blinking_Led.elf  >"Blinking_Led.lss"
Finished building: Blinking_Led.lss
 
Invoking: Print Size
avr-size --format=avr --mcu=atmega16 Blinking_Led.elf
AVR Memory Usage
----------------
Device: atmega16

Program:     278 bytes (1.7% Full)
(.text + .data + .bootloader)

Data:          0 bytes (0.0% Full)
(.data + .bss + .noinit)


Finished building: sizedummy
 

14:05:10 Build Finished. 0 errors, 0 warnings. (took 1s.157ms)

